<?xml version="1.0" encoding="UTF-8"?>
<!-- Generated by org.testng.reporters.JUnitReportReporter -->
<testsuite hostname="LAPTOP-CTGQJNSI" failures="0" tests="3" name="Dataprovider.Test2" time="0.012" errors="0" timestamp="2024-07-17T01:35:59 IST" skipped="0">
  <testcase classname="Dataprovider.Test2" name="Hindi" time="0.001"/>
  <testcase classname="Dataprovider.Test2" name="Marathi" time="0.002"/>
  <testcase classname="Dataprovider.Test2" name="English" time="0.009"/>
</testsuite> <!-- Dataprovider.Test2 -->
