<?xml version="1.0" encoding="UTF-8"?>
<!-- Generated by org.testng.reporters.JUnitReportReporter -->
<testsuite hostname="LAPTOP-CTGQJNSI" failures="0" tests="3" name="Dataprovider.Test1" time="0.003" errors="0" timestamp="2024-07-17T01:35:59 IST" skipped="0">
  <testcase classname="Dataprovider.Test1" name="History" time="0.001"/>
  <testcase classname="Dataprovider.Test1" name="Geography" time="0.001"/>
  <testcase classname="Dataprovider.Test1" name="Science" time="0.001"/>
</testsuite> <!-- Dataprovider.Test1 -->
