<?xml version="1.0" encoding="UTF-8"?>
<!-- Generated by org.testng.reporters.JUnitReportReporter -->
<testsuite hostname="LAPTOP-CTGQJNSI" failures="0" tests="5" name="Dataprovider.student" time="0.007" errors="0" timestamp="2024-07-17T01:35:59 IST" skipped="0">
  <testcase classname="Dataprovider.student" name="Siya" time="0.001"/>
  <testcase classname="Dataprovider.student" name="Amity" time="0.001"/>
  <testcase classname="Dataprovider.student" name="Lala" time="0.001"/>
  <testcase classname="Dataprovider.student" name="Amity" time="0.001"/>
  <testcase classname="Dataprovider.student" name="Amity" time="0.003"/>
</testsuite> <!-- Dataprovider.student -->
