<?xml version="1.0" encoding="UTF-8"?>
<!-- Generated by org.testng.reporters.JUnitReportReporter -->
<testsuite hostname="LAPTOP-CTGQJNSI" failures="0" tests="2" name="Exercises.Demo1" time="0.004" errors="0" timestamp="2024-07-14T13:33:37 IST" skipped="0">
  <testcase classname="Exercises.Demo1" name="demo1" time="0.001"/>
  <testcase classname="Exercises.Demo1" name="Demo2" time="0.003"/>
</testsuite> <!-- Exercises.Demo1 -->
